Build started 2/2/2014 10:06:09 AM.
     1>Project "C:\projects\Roshambo\visual studio project files\roshambo.vcxproj" on node 2 (ClCompile target(s)).
     1>ClCompile:
         C:\Program Files (x86)\Microsoft Visual Studio 10.0\VC\bin\CL.exe /c /Zi /nologo /W3 /WX- /Od /Oy- /D WIN32 /D _DEBUG /D _CONSOLE /Gm /EHsc /RTC1 /MDd /GS /fp:precise /Zc:wchar_t /Zc:forScope /Fo"Debug\\" /Fd"Debug\vc100.pdb" /Gd /TC /analyze- /errorReport:prompt "..\rsb-ts1.c"
         rsb-ts1.c
     1>..\rsb-ts1.c(1491): error C2079: 'start' uses undefined struct 'timeval'
     1>..\rsb-ts1.c(1492): error C2079: 'end' uses undefined struct 'timeval'
     1>..\rsb-ts1.c(1503): warning C4013: 'gettimeofday' undefined; assuming extern returning int
     1>..\rsb-ts1.c(1536): error C2059: syntax error : '{'
     1>..\rsb-ts1.c(1546): error C2059: syntax error : '{'
     1>..\rsb-ts1.c(1547): error C2059: syntax error : '{'
     1>..\rsb-ts1.c(1548): error C2059: syntax error : '{'
     1>..\rsb-ts1.c(1667): error C2059: syntax error : '{'
     1>..\rsb-ts1.c(1679): error C2059: syntax error : '{'
     1>..\rsb-ts1.c(1732): error C2224: left of '.tv_sec' must have struct/union type
     1>..\rsb-ts1.c(1732): error C2224: left of '.tv_sec' must have struct/union type
     1>..\rsb-ts1.c(1732): error C2224: left of '.tv_usec' must have struct/union type
     1>..\rsb-ts1.c(1732): error C2224: left of '.tv_usec' must have struct/union type
     1>..\rsb-ts1.c(2557): warning C4244: '=' : conversion from 'double' to 'int', possible loss of data
     1>..\rsb-ts1.c(2558): warning C4244: '=' : conversion from 'double' to 'int', possible loss of data
     1>..\rsb-ts1.c(2559): warning C4244: '=' : conversion from 'double' to 'int', possible loss of data
     1>..\rsb-ts1.c(2594): warning C4305: '=' : truncation from 'double' to 'float'
     1>..\rsb-ts1.c(2594): warning C4244: '=' : conversion from 'double' to 'int', possible loss of data
     1>..\rsb-ts1.c(2596): warning C4305: '=' : truncation from 'double' to 'float'
     1>..\rsb-ts1.c(2596): warning C4244: '=' : conversion from 'double' to 'int', possible loss of data
     1>..\rsb-ts1.c(2657): warning C4244: '=' : conversion from 'int' to 'float', possible loss of data
     1>..\rsb-ts1.c(2658): warning C4244: '=' : conversion from 'int' to 'float', possible loss of data
     1>..\rsb-ts1.c(2659): warning C4244: '=' : conversion from 'int' to 'float', possible loss of data
     1>..\rsb-ts1.c(2678): warning C4305: 'initializing' : truncation from 'double' to 'float'
     1>..\rsb-ts1.c(2701): warning C4244: '=' : conversion from 'double' to 'float', possible loss of data
     1>..\rsb-ts1.c(2702): warning C4244: '=' : conversion from 'double' to 'float', possible loss of data
     1>..\rsb-ts1.c(2884): warning C4244: '=' : conversion from 'double' to 'float', possible loss of data
     1>..\rsb-ts1.c(2885): warning C4244: '=' : conversion from 'double' to 'float', possible loss of data
     1>..\rsb-ts1.c(2956): warning C4244: '=' : conversion from 'double' to 'int', possible loss of data
     1>..\rsb-ts1.c(2960): warning C4244: '=' : conversion from 'double' to 'int', possible loss of data
     1>..\rsb-ts1.c(3096): warning C4244: '=' : conversion from 'float' to 'int', possible loss of data
     1>..\rsb-ts1.c(3167): warning C4244: '=' : conversion from 'int' to 'float', possible loss of data
     1>..\rsb-ts1.c(3189): warning C4244: '=' : conversion from 'int' to 'float', possible loss of data
     1>..\rsb-ts1.c(5024): warning C4244: '=' : conversion from 'double' to 'float', possible loss of data
     1>..\rsb-ts1.c(5025): warning C4244: '=' : conversion from 'double' to 'float', possible loss of data
     1>..\rsb-ts1.c(5026): warning C4244: '=' : conversion from 'double' to 'float', possible loss of data
     1>..\rsb-ts1.c(5061): warning C4244: '=' : conversion from 'double' to 'float', possible loss of data
     1>..\rsb-ts1.c(5098): warning C4244: '=' : conversion from 'double' to 'float', possible loss of data
     1>..\rsb-ts1.c(5113): warning C4244: '+=' : conversion from 'double' to 'float', possible loss of data
     1>..\rsb-ts1.c(5114): warning C4244: '+=' : conversion from 'double' to 'float', possible loss of data
     1>..\rsb-ts1.c(5115): warning C4244: '+=' : conversion from 'double' to 'float', possible loss of data
     1>..\rsb-ts1.c(5598): warning C4013: 'initYomi' undefined; assuming extern returning int
     1>..\rsb-ts1.c(6113): warning C4244: '=' : conversion from 'double' to 'int', possible loss of data
     1>Done Building Project "C:\projects\Roshambo\visual studio project files\roshambo.vcxproj" (ClCompile target(s)) -- FAILED.

Build FAILED.

Time Elapsed 00:00:00.34
